<?xml version="1.0" encoding="UTF-8"?>
<!-- Generated by org.testng.reporters.JUnitReportReporter -->
<testsuite hostname="LAPTOP-O26IHOHA" failures="0" tests="3" name="firstSelenium.priority" time="0.037" errors="0" timestamp="2022-09-02T00:22:45 IST" skipped="0">
  <testcase classname="firstSelenium.priority" name="second" time="0.027"/>
  <system-out/>
  <testcase classname="firstSelenium.priority" name="third" time="0.005"/>
  <system-out/>
  <testcase classname="firstSelenium.priority" name="first" time="0.005"/>
  <system-out/>
</testsuite> <!-- firstSelenium.priority -->
