<?xml version="1.0" encoding="UTF-8"?>
<!-- Generated by org.testng.reporters.JUnitReportReporter -->
<testsuite hostname="LAPTOP-O26IHOHA" failures="0" tests="1" name="firstSelenium.testNg" time="12.175" errors="0" timestamp="2022-09-02T00:15:59 IST" skipped="0">
  <testcase classname="firstSelenium.testNg" name="one" time="12.175"/>
  <system-out/>
</testsuite> <!-- firstSelenium.testNg -->
